Mon Jan 26 22:10:44 2026: Running xcd server. This server was built by gradle.
Mon Jan 26 22:10:44 2026: Server was asked to start on port: '40777'
Mon Jan 26 22:10:44 2026: Server is using token UUID: 'a67ac079-c21d-44e1-a4ea-16ec2ac82ba5'
Mon Jan 26 22:10:44 2026: SESSION_MGR: creating session with session uuid: '6d04a3e9-ade5-4ab9-8d63-1f78fcd2ec76' and name 'default'
Mon Jan 26 22:10:44 2026: Attempting to start server on port '40777'
Mon Jan 26 22:10:44 2026: XCD main fifo: created main fifo '/tmp/xcdmaina67ac079-c21d-44e1-a4ea-16ec2ac82ba5', fd read = 13
Mon Jan 26 22:10:44 2026: Running Dispatch Server
Mon Jan 26 22:10:44 2026: Version 2.2.0
Mon Jan 26 22:10:45 2026: Dispatch Server: Accepted socket connection from client
Mon Jan 26 22:10:45 2026: Starting Socket connection
Mon Jan 26 22:10:45 2026: EXCHANGE_TOKEN received, server token: a67ac079-c21d-44e1-a4ea-16ec2ac82ba5, passed token: a67ac079-c21d-44e1-a4ea-16ec2ac82ba5
Mon Jan 26 22:10:45 2026: DISPATCH_HANDLER: Adding handler from function makeHandler in library libxv_system_diagram
Mon Jan 26 22:10:45 2026: SESSION_MGR: creating session with session uuid: '8d50aa7c-84dc-43d9-9330-2e8957a08a5a' and name 'v++_compile_Work'
Mon Jan 26 22:10:45 2026: KERNEL_SVC: creating session with uuid: '8d50aa7c-84dc-43d9-9330-2e8957a08a5a' and name 'v++_compile_Work'
Mon Jan 26 22:10:45 2026: GUIDANCE_SMGR: creating guidance session with uuid: '8d50aa7c-84dc-43d9-9330-2e8957a08a5a' and name 'v++_compile_Work'
Mon Jan 26 22:10:45 2026: SYSTEM_DIAGRAM: creating session with uuid: '8d50aa7c-84dc-43d9-9330-2e8957a08a5a' and name 'v++_compile_Work'
Mon Jan 26 22:11:02 2026: Dispatch Server: Accepted socket connection from client
Mon Jan 26 22:11:02 2026: Starting Socket connection
Mon Jan 26 22:11:02 2026: SESSION_MGR: creating session with session uuid: 'edd7347f-2aeb-4e39-bbf0-98bec1f8b115' and name 'AIE Compilation'
Mon Jan 26 22:11:02 2026: KERNEL_SVC: creating session with uuid: 'edd7347f-2aeb-4e39-bbf0-98bec1f8b115' and name 'AIE Compilation'
Mon Jan 26 22:11:02 2026: GUIDANCE_SMGR: creating guidance session with uuid: 'edd7347f-2aeb-4e39-bbf0-98bec1f8b115' and name 'AIE Compilation'
Mon Jan 26 22:11:02 2026: SYSTEM_DIAGRAM: creating session with uuid: 'edd7347f-2aeb-4e39-bbf0-98bec1f8b115' and name 'AIE Compilation'
Mon Jan 26 22:11:03 2026: SESSION_MGR: closing session for UUID 'edd7347f-2aeb-4e39-bbf0-98bec1f8b115' with name ''
Mon Jan 26 22:11:03 2026: KERNEL_SVC: closing session for UUID 'edd7347f-2aeb-4e39-bbf0-98bec1f8b115' with name ''
Mon Jan 26 22:11:03 2026: GUIDANCE_SMGR: closing session for UUID 'edd7347f-2aeb-4e39-bbf0-98bec1f8b115' with name ''
Mon Jan 26 22:11:03 2026: SYSTEM_DIAGRAM: closing session for UUID 'edd7347f-2aeb-4e39-bbf0-98bec1f8b115' with name ''
Mon Jan 26 22:11:04 2026: SESSION_MGR: closing session for UUID '8d50aa7c-84dc-43d9-9330-2e8957a08a5a' with name 'v++_compile_Work'
Mon Jan 26 22:11:04 2026: KERNEL_SVC: closing session for UUID '8d50aa7c-84dc-43d9-9330-2e8957a08a5a' with name 'v++_compile_Work'
Mon Jan 26 22:11:04 2026: GUIDANCE_SMGR: closing session for UUID '8d50aa7c-84dc-43d9-9330-2e8957a08a5a' with name 'v++_compile_Work'
Mon Jan 26 22:11:04 2026: SYSTEM_DIAGRAM: closing session for UUID '8d50aa7c-84dc-43d9-9330-2e8957a08a5a' with name 'v++_compile_Work'
Mon Jan 26 22:11:04 2026: STOP_SERVER received, server token: a67ac079-c21d-44e1-a4ea-16ec2ac82ba5, passed token: a67ac079-c21d-44e1-a4ea-16ec2ac82ba5
Mon Jan 26 22:11:04 2026: Socket received request to stop server.
Mon Jan 26 22:11:04 2026: Dispatch Server: do_await_stop
Mon Jan 26 22:11:04 2026: Dispatch Server: stopping mainFifo_
Mon Jan 26 22:11:04 2026: XCD main fifo: Stopping
Mon Jan 26 22:11:04 2026: XCD main fifo: do_read error code: Operation canceled
Mon Jan 26 22:11:04 2026: XCD main fifo: bytes_transferred: 0
Mon Jan 26 22:11:04 2026: SERVER: destructor for server bound to port 40777
Mon Jan 26 22:11:04 2026: XCD main fifo: Good unlink of /tmp/xcdmaina67ac079-c21d-44e1-a4ea-16ec2ac82ba5
Mon Jan 26 22:11:04 2026: Server exiting with status 0.
Mon Jan 26 22:11:04 2026: Closing log file.
